2020-09-07 00:27:00 [ERROR] RefererInvocationHandler invoke Error: uri=motan://192.168.43.55:0/com.weibo.motan.demo.service.MotanDemoService requestId=1677102542082801665 interface=com.weibo.motan.demo.service.MotanDemoService method=commonTest(java.lang.Object)
com.weibo.api.motan.exception.MotanServiceException: error_message: com.weibo.api.motan.rpc.DefaultResponseFuture request timeout: serverPort=127.0.0.1:8002 requestId=1677102542082801665 interface=com.weibo.motan.demo.service.MotanDemoService method=commonTest(java.lang.Object) cost=200, status: 503, error_code: 10003,r=null
	at com.weibo.api.motan.rpc.DefaultResponseFuture.timeoutSoCancel(DefaultResponseFuture.java:221)
	at com.weibo.api.motan.rpc.DefaultResponseFuture.getValue(DefaultResponseFuture.java:118)
	at com.weibo.api.motan.rpc.DefaultResponse.<init>(DefaultResponse.java:58)
	at com.weibo.api.motan.transport.netty4.NettyClient.asyncResponse(NettyClient.java:142)
	at com.weibo.api.motan.transport.netty4.NettyClient.request(NettyClient.java:126)
	at com.weibo.api.motan.transport.netty4.NettyClient.request(NettyClient.java:78)
	at com.weibo.api.motan.protocol.rpc.DefaultRpcReferer.doCall(DefaultRpcReferer.java:52)
	at com.weibo.api.motan.rpc.AbstractReferer.call(AbstractReferer.java:64)
	at com.weibo.api.motan.filter.AccessLogFilter.filter(AccessLogFilter.java:56)
	at com.weibo.api.motan.protocol.support.ProtocolFilterDecorator$1.call(ProtocolFilterDecorator.java:87)
	at com.weibo.api.motan.cluster.ha.FailoverHaStrategy.call(FailoverHaStrategy.java:72)
	at com.weibo.api.motan.cluster.support.ClusterSpi.call(ClusterSpi.java:74)
	at com.weibo.api.motan.proxy.AbstractRefererHandler.invokeRequest(AbstractRefererHandler.java:77)
	at com.weibo.api.motan.proxy.RefererInvocationHandler.invoke(RefererInvocationHandler.java:72)
	at com.sun.proxy.$Proxy38.commonTest(Unknown Source)
	at com.weibo.motan.demo.client.DemoRpcHandler.test(DemoRpcHandler.java:57)
	at com.weibo.motan.demo.client.AnnotationRpcClientDemo.main(AnnotationRpcClientDemo.java:37)
2020-09-07 00:28:48 [ERROR] RefererInvocationHandler invoke Error: uri=motan://192.168.43.55:0/com.weibo.motan.demo.service.MotanDemoService requestId=1677102654489100289 interface=com.weibo.motan.demo.service.MotanDemoService method=commonTest(java.lang.Object)
com.weibo.api.motan.exception.MotanServiceException: error_message: com.weibo.api.motan.rpc.DefaultResponseFuture request timeout: serverPort=127.0.0.1:8002 requestId=1677102654489100289 interface=com.weibo.motan.demo.service.MotanDemoService method=commonTest(java.lang.Object) cost=205, status: 503, error_code: 10003,r=null
	at com.weibo.api.motan.rpc.DefaultResponseFuture.timeoutSoCancel(DefaultResponseFuture.java:221)
	at com.weibo.api.motan.rpc.DefaultResponseFuture.getValue(DefaultResponseFuture.java:118)
	at com.weibo.api.motan.rpc.DefaultResponse.<init>(DefaultResponse.java:58)
	at com.weibo.api.motan.transport.netty4.NettyClient.asyncResponse(NettyClient.java:142)
	at com.weibo.api.motan.transport.netty4.NettyClient.request(NettyClient.java:126)
	at com.weibo.api.motan.transport.netty4.NettyClient.request(NettyClient.java:78)
	at com.weibo.api.motan.protocol.rpc.DefaultRpcReferer.doCall(DefaultRpcReferer.java:52)
	at com.weibo.api.motan.rpc.AbstractReferer.call(AbstractReferer.java:64)
	at com.weibo.api.motan.filter.AccessLogFilter.filter(AccessLogFilter.java:56)
	at com.weibo.api.motan.protocol.support.ProtocolFilterDecorator$1.call(ProtocolFilterDecorator.java:87)
	at com.weibo.api.motan.cluster.ha.FailoverHaStrategy.call(FailoverHaStrategy.java:72)
	at com.weibo.api.motan.cluster.support.ClusterSpi.call(ClusterSpi.java:74)
	at com.weibo.api.motan.proxy.AbstractRefererHandler.invokeRequest(AbstractRefererHandler.java:77)
	at com.weibo.api.motan.proxy.RefererInvocationHandler.invoke(RefererInvocationHandler.java:72)
	at com.sun.proxy.$Proxy38.commonTest(Unknown Source)
	at com.weibo.motan.demo.client.DemoRpcHandler.test(DemoRpcHandler.java:57)
	at com.weibo.motan.demo.client.AnnotationRpcClientDemo.main(AnnotationRpcClientDemo.java:37)
2020-09-07 10:50:46 [ERROR] RefererInvocationHandler invoke Error: uri=motan://192.168.3.29:0/com.weibo.motan.demo.service.MotanDemoService requestId=1677141785421283339 interface=com.weibo.motan.demo.service.MotanDemoService method=commonTest(java.lang.Object)
com.weibo.api.motan.exception.MotanServiceException: error_message: com.weibo.api.motan.rpc.DefaultResponseFuture request timeout: serverPort=127.0.0.1:8002 requestId=1677141785421283339 interface=com.weibo.motan.demo.service.MotanDemoService method=commonTest(java.lang.Object) cost=201, status: 503, error_code: 10003,r=null
	at com.weibo.api.motan.rpc.DefaultResponseFuture.timeoutSoCancel(DefaultResponseFuture.java:221)
	at com.weibo.api.motan.rpc.DefaultResponseFuture.getValue(DefaultResponseFuture.java:118)
	at com.weibo.api.motan.rpc.DefaultResponse.<init>(DefaultResponse.java:58)
	at com.weibo.api.motan.transport.netty4.NettyClient.asyncResponse(NettyClient.java:142)
	at com.weibo.api.motan.transport.netty4.NettyClient.request(NettyClient.java:126)
	at com.weibo.api.motan.transport.netty4.NettyClient.request(NettyClient.java:78)
	at com.weibo.api.motan.protocol.rpc.DefaultRpcReferer.doCall(DefaultRpcReferer.java:52)
	at com.weibo.api.motan.rpc.AbstractReferer.call(AbstractReferer.java:64)
	at com.weibo.api.motan.filter.AccessLogFilter.filter(AccessLogFilter.java:56)
	at com.weibo.api.motan.protocol.support.ProtocolFilterDecorator$1.call(ProtocolFilterDecorator.java:87)
	at com.weibo.api.motan.cluster.ha.FailoverHaStrategy.call(FailoverHaStrategy.java:72)
	at com.weibo.api.motan.cluster.support.ClusterSpi.call(ClusterSpi.java:74)
	at com.weibo.api.motan.proxy.AbstractRefererHandler.invokeRequest(AbstractRefererHandler.java:77)
	at com.weibo.api.motan.proxy.RefererInvocationHandler.invoke(RefererInvocationHandler.java:72)
	at com.sun.proxy.$Proxy38.commonTest(Unknown Source)
	at com.weibo.motan.demo.client.DemoRpcHandler.test(DemoRpcHandler.java:57)
	at com.weibo.motan.demo.client.AnnotationRpcClientDemo.main(AnnotationRpcClientDemo.java:37)
2020-09-07 11:16:44 [ERROR] RefererInvocationHandler invoke Error: uri=motan://192.168.3.29:0/com.weibo.motan.demo.service.MotanDemoService requestId=1677143418800701451 interface=com.weibo.motan.demo.service.MotanDemoService method=commonTest(java.lang.Object)
com.weibo.api.motan.exception.MotanServiceException: error_message: com.weibo.api.motan.rpc.DefaultResponseFuture request timeout: serverPort=127.0.0.1:8002 requestId=1677143418800701451 interface=com.weibo.motan.demo.service.MotanDemoService method=commonTest(java.lang.Object) cost=201, status: 503, error_code: 10003,r=null
	at com.weibo.api.motan.rpc.DefaultResponseFuture.timeoutSoCancel(DefaultResponseFuture.java:221)
	at com.weibo.api.motan.rpc.DefaultResponseFuture.getValue(DefaultResponseFuture.java:118)
	at com.weibo.api.motan.rpc.DefaultResponse.<init>(DefaultResponse.java:58)
	at com.weibo.api.motan.transport.netty4.NettyClient.asyncResponse(NettyClient.java:142)
	at com.weibo.api.motan.transport.netty4.NettyClient.request(NettyClient.java:126)
	at com.weibo.api.motan.transport.netty4.NettyClient.request(NettyClient.java:78)
	at com.weibo.api.motan.protocol.rpc.DefaultRpcReferer.doCall(DefaultRpcReferer.java:52)
	at com.weibo.api.motan.rpc.AbstractReferer.call(AbstractReferer.java:64)
	at com.weibo.api.motan.filter.AccessLogFilter.filter(AccessLogFilter.java:56)
	at com.weibo.api.motan.protocol.support.ProtocolFilterDecorator$1.call(ProtocolFilterDecorator.java:87)
	at com.weibo.api.motan.cluster.ha.FailoverHaStrategy.call(FailoverHaStrategy.java:72)
	at com.weibo.api.motan.cluster.support.ClusterSpi.call(ClusterSpi.java:74)
	at com.weibo.api.motan.proxy.AbstractRefererHandler.invokeRequest(AbstractRefererHandler.java:77)
	at com.weibo.api.motan.proxy.RefererInvocationHandler.invoke(RefererInvocationHandler.java:72)
	at com.sun.proxy.$Proxy38.commonTest(Unknown Source)
	at com.weibo.motan.demo.client.DemoRpcHandler.test(DemoRpcHandler.java:57)
	at com.weibo.motan.demo.client.AnnotationRpcClientDemo.main(AnnotationRpcClientDemo.java:37)
2020-09-07 11:56:34 [ERROR] RefererInvocationHandler invoke Error: uri=motan://192.168.3.29:0/com.weibo.motan.demo.service.MotanDemoService requestId=1677145925666996235 interface=com.weibo.motan.demo.service.MotanDemoService method=commonTest(java.lang.Object)
com.weibo.api.motan.exception.MotanServiceException: error_message: com.weibo.api.motan.rpc.DefaultResponseFuture request timeout: serverPort=127.0.0.1:8002 requestId=1677145925666996235 interface=com.weibo.motan.demo.service.MotanDemoService method=commonTest(java.lang.Object) cost=200, status: 503, error_code: 10003,r=null
	at com.weibo.api.motan.rpc.DefaultResponseFuture.timeoutSoCancel(DefaultResponseFuture.java:221)
	at com.weibo.api.motan.rpc.DefaultResponseFuture.getValue(DefaultResponseFuture.java:118)
	at com.weibo.api.motan.rpc.DefaultResponse.<init>(DefaultResponse.java:58)
	at com.weibo.api.motan.transport.netty4.NettyClient.asyncResponse(NettyClient.java:142)
	at com.weibo.api.motan.transport.netty4.NettyClient.request(NettyClient.java:126)
	at com.weibo.api.motan.transport.netty4.NettyClient.request(NettyClient.java:78)
	at com.weibo.api.motan.protocol.rpc.DefaultRpcReferer.doCall(DefaultRpcReferer.java:52)
	at com.weibo.api.motan.rpc.AbstractReferer.call(AbstractReferer.java:64)
	at com.weibo.api.motan.filter.AccessLogFilter.filter(AccessLogFilter.java:56)
	at com.weibo.api.motan.protocol.support.ProtocolFilterDecorator$1.call(ProtocolFilterDecorator.java:87)
	at com.weibo.api.motan.cluster.ha.FailoverHaStrategy.call(FailoverHaStrategy.java:72)
	at com.weibo.api.motan.cluster.support.ClusterSpi.call(ClusterSpi.java:74)
	at com.weibo.api.motan.proxy.AbstractRefererHandler.invokeRequest(AbstractRefererHandler.java:77)
	at com.weibo.api.motan.proxy.RefererInvocationHandler.invoke(RefererInvocationHandler.java:72)
	at com.sun.proxy.$Proxy38.commonTest(Unknown Source)
	at com.weibo.motan.demo.client.DemoRpcHandler.test(DemoRpcHandler.java:57)
	at com.weibo.motan.demo.client.AnnotationRpcClientDemo.main(AnnotationRpcClientDemo.java:37)
